<?xml version="1.0" encoding="UTF-8"?>
<!-- Generated by org.testng.reporters.JUnitXMLReporter -->
<testsuite ignored="0" hostname="DESKTOP-TOSMLO0" failures="0" tests="3" name="Test2" time="10.416" errors="0" timestamp="2025-06-27T13:29:44 IST">
  <testcase classname="org.CrossBrowserExecutionClasses.ShariefBhai" name="launchApplication" time="3.686"/>
  <testcase classname="org.CrossBrowserExecutionClasses.MagicPin" name="launchApplication" time="3.545"/>
  <testcase classname="org.CrossBrowserExecutionClasses.Faasos" name="launchApplication" time="3.144"/>
</testsuite> <!-- Test2 -->
