<?xml version="1.0" encoding="UTF-8"?>
<!-- Generated by org.testng.reporters.JUnitXMLReporter -->
<testsuite ignored="0" hostname="DESKTOP-TOSMLO0" failures="0" tests="3" name="Test1" time="15.092" errors="0" timestamp="2025-06-27T13:29:48 IST">
  <testcase classname="org.CrossBrowserExecutionClasses.ShariefBhai" name="launchApplication" time="5.572"/>
  <testcase classname="org.CrossBrowserExecutionClasses.MagicPin" name="launchApplication" time="5.208"/>
  <testcase classname="org.CrossBrowserExecutionClasses.Faasos" name="launchApplication" time="4.271"/>
</testsuite> <!-- Test1 -->
