<?xml version="1.0" encoding="UTF-8"?>
<testng-results ignored="0" total="1" passed="1" failed="0" skipped="0">
  <reporter-output>
  </reporter-output>
  <suite started-at="2025-07-08T13:31:35 IST" name="Default suite" finished-at="2025-07-08T13:31:43 IST" duration-ms="7655">
    <groups>
    </groups>
    <test started-at="2025-07-08T13:31:35 IST" name="Default test" finished-at="2025-07-08T13:31:43 IST" duration-ms="7655">
      <class name="org.testScripts.DemoScript">
        <test-method is-config="true" signature="launchAndMaximizeBrowser(java.lang.String)[pri:0, instance:org.testScripts.DemoScript@6e2aa843]" started-at="2025-07-08T13:31:35 IST" name="launchAndMaximizeBrowser" finished-at="2025-07-08T13:31:39 IST" duration-ms="3958" status="PASS">
          <params>
            <param index="0">
              <value>
                <![CDATA[chrome]]>
              </value>
            </param>
          </params>
          <reporter-output>
          </reporter-output>
        </test-method> <!-- launchAndMaximizeBrowser -->
        <test-method is-config="true" signature="login()[pri:0, instance:org.testScripts.DemoScript@6e2aa843]" started-at="2025-07-08T13:31:39 IST" name="login" finished-at="2025-07-08T13:31:39 IST" duration-ms="1" status="PASS">
          <reporter-output>
          </reporter-output>
        </test-method> <!-- login -->
        <test-method signature="demoScript()[pri:0, instance:org.testScripts.DemoScript@6e2aa843]" started-at="2025-07-08T13:31:39 IST" name="demoScript" finished-at="2025-07-08T13:31:42 IST" duration-ms="3434" status="PASS">
          <reporter-output>
          </reporter-output>
        </test-method> <!-- demoScript -->
        <test-method is-config="true" signature="logout()[pri:0, instance:org.testScripts.DemoScript@6e2aa843]" started-at="2025-07-08T13:31:42 IST" name="logout" finished-at="2025-07-08T13:31:42 IST" duration-ms="0" status="PASS">
          <reporter-output>
          </reporter-output>
        </test-method> <!-- logout -->
        <test-method is-config="true" signature="tearDownBrowser()[pri:0, instance:org.testScripts.DemoScript@6e2aa843]" started-at="2025-07-08T13:31:42 IST" name="tearDownBrowser" finished-at="2025-07-08T13:31:43 IST" duration-ms="231" status="PASS">
          <reporter-output>
          </reporter-output>
        </test-method> <!-- tearDownBrowser -->
      </class> <!-- org.testScripts.DemoScript -->
    </test> <!-- Default test -->
  </suite> <!-- Default suite -->
</testng-results>
